[2022-11-17 23:59:57,784] {taskinstance.py:1032} INFO - Dependencies all met for <TaskInstance: data_ingestion_gcs_dag.local_to_gcs_task manual__2022-11-17T23:59:51.907114+00:00 [queued]>
[2022-11-17 23:59:57,797] {taskinstance.py:1032} INFO - Dependencies all met for <TaskInstance: data_ingestion_gcs_dag.local_to_gcs_task manual__2022-11-17T23:59:51.907114+00:00 [queued]>
[2022-11-17 23:59:57,798] {taskinstance.py:1238} INFO - 
--------------------------------------------------------------------------------
[2022-11-17 23:59:57,798] {taskinstance.py:1239} INFO - Starting attempt 1 of 2
[2022-11-17 23:59:57,799] {taskinstance.py:1240} INFO - 
--------------------------------------------------------------------------------
[2022-11-17 23:59:57,808] {taskinstance.py:1259} INFO - Executing <Task(PythonOperator): local_to_gcs_task> on 2022-11-17 23:59:51.907114+00:00
[2022-11-17 23:59:57,813] {standard_task_runner.py:52} INFO - Started process 88 to run task
[2022-11-17 23:59:57,817] {standard_task_runner.py:76} INFO - Running: ['***', 'tasks', 'run', 'data_ingestion_gcs_dag', 'local_to_gcs_task', 'manual__2022-11-17T23:59:51.907114+00:00', '--job-id', '34', '--raw', '--subdir', 'DAGS_FOLDER/data_ingestion_gcs_dag.py', '--cfg-path', '/tmp/tmpjpjo25n6', '--error-file', '/tmp/tmp1_ly3971']
[2022-11-17 23:59:57,819] {standard_task_runner.py:77} INFO - Job 34: Subtask local_to_gcs_task
[2022-11-17 23:59:57,870] {logging_mixin.py:109} INFO - Running <TaskInstance: data_ingestion_gcs_dag.local_to_gcs_task manual__2022-11-17T23:59:51.907114+00:00 [running]> on host b689f3eabda1
[2022-11-17 23:59:57,916] {taskinstance.py:1426} INFO - Exporting the following env vars:
AIRFLOW_CTX_DAG_OWNER=***
AIRFLOW_CTX_DAG_ID=data_ingestion_gcs_dag
AIRFLOW_CTX_TASK_ID=local_to_gcs_task
AIRFLOW_CTX_EXECUTION_DATE=2022-11-17T23:59:51.907114+00:00
AIRFLOW_CTX_DAG_RUN_ID=manual__2022-11-17T23:59:51.907114+00:00
[2022-11-18 00:00:38,421] {python.py:175} INFO - Done. Returned value was: None
[2022-11-18 00:00:38,498] {taskinstance.py:1277} INFO - Marking task as SUCCESS. dag_id=data_ingestion_gcs_dag, task_id=local_to_gcs_task, execution_date=20221117T235951, start_date=20221117T235957, end_date=20221118T000038
[2022-11-18 00:00:38,638] {local_task_job.py:154} INFO - Task exited with return code 0
[2022-11-18 00:00:38,689] {local_task_job.py:264} INFO - 1 downstream tasks scheduled from follow-on schedule check
