[2022-11-17 23:27:18,733] {taskinstance.py:1032} INFO - Dependencies all met for <TaskInstance: data_ingestion_gcs_dag.download_dataset_task manual__2022-11-17T23:27:17.195545+00:00 [queued]>
[2022-11-17 23:27:18,746] {taskinstance.py:1032} INFO - Dependencies all met for <TaskInstance: data_ingestion_gcs_dag.download_dataset_task manual__2022-11-17T23:27:17.195545+00:00 [queued]>
[2022-11-17 23:27:18,747] {taskinstance.py:1238} INFO - 
--------------------------------------------------------------------------------
[2022-11-17 23:27:18,747] {taskinstance.py:1239} INFO - Starting attempt 1 of 2
[2022-11-17 23:27:18,748] {taskinstance.py:1240} INFO - 
--------------------------------------------------------------------------------
[2022-11-17 23:27:18,760] {taskinstance.py:1259} INFO - Executing <Task(BashOperator): download_dataset_task> on 2022-11-17 23:27:17.195545+00:00
[2022-11-17 23:27:18,767] {standard_task_runner.py:52} INFO - Started process 146 to run task
[2022-11-17 23:27:18,771] {standard_task_runner.py:76} INFO - Running: ['***', 'tasks', 'run', 'data_ingestion_gcs_dag', 'download_dataset_task', 'manual__2022-11-17T23:27:17.195545+00:00', '--job-id', '21', '--raw', '--subdir', 'DAGS_FOLDER/data_ingestion_gcs_dag.py', '--cfg-path', '/tmp/tmpgg0fqxnc', '--error-file', '/tmp/tmpt_vqquks']
[2022-11-17 23:27:18,773] {standard_task_runner.py:77} INFO - Job 21: Subtask download_dataset_task
[2022-11-17 23:27:18,823] {logging_mixin.py:109} INFO - Running <TaskInstance: data_ingestion_gcs_dag.download_dataset_task manual__2022-11-17T23:27:17.195545+00:00 [running]> on host 75d75df6c39c
[2022-11-17 23:27:18,878] {taskinstance.py:1426} INFO - Exporting the following env vars:
AIRFLOW_CTX_DAG_OWNER=***
AIRFLOW_CTX_DAG_ID=data_ingestion_gcs_dag
AIRFLOW_CTX_TASK_ID=download_dataset_task
AIRFLOW_CTX_EXECUTION_DATE=2022-11-17T23:27:17.195545+00:00
AIRFLOW_CTX_DAG_RUN_ID=manual__2022-11-17T23:27:17.195545+00:00
[2022-11-17 23:27:18,880] {subprocess.py:62} INFO - Tmp dir root location: 
 /tmp
[2022-11-17 23:27:18,881] {subprocess.py:74} INFO - Running command: ['bash', '-c', 'curl -sSL https://github.com/DataTalksClub/nyc-tlc-data/releases/tag/yellow/yellow_tripdata_2021-01.csv.gz > /opt/***/yellow_tripdata_2021-01.csv.gz']
[2022-11-17 23:27:18,892] {subprocess.py:85} INFO - Output:
[2022-11-17 23:27:21,065] {subprocess.py:93} INFO - Command exited with return code 0
[2022-11-17 23:27:21,117] {taskinstance.py:1277} INFO - Marking task as SUCCESS. dag_id=data_ingestion_gcs_dag, task_id=download_dataset_task, execution_date=20221117T232717, start_date=20221117T232718, end_date=20221117T232721
[2022-11-17 23:27:21,173] {local_task_job.py:154} INFO - Task exited with return code 0
[2022-11-17 23:27:21,213] {local_task_job.py:264} INFO - 1 downstream tasks scheduled from follow-on schedule check
