[2022-11-17 23:08:18,948] {taskinstance.py:1032} INFO - Dependencies all met for <TaskInstance: data_ingestion_gcs_dag.format_to_parquet_task scheduled__2022-11-16T00:00:00+00:00 [queued]>
[2022-11-17 23:08:18,971] {taskinstance.py:1032} INFO - Dependencies all met for <TaskInstance: data_ingestion_gcs_dag.format_to_parquet_task scheduled__2022-11-16T00:00:00+00:00 [queued]>
[2022-11-17 23:08:18,972] {taskinstance.py:1238} INFO - 
--------------------------------------------------------------------------------
[2022-11-17 23:08:18,974] {taskinstance.py:1239} INFO - Starting attempt 1 of 2
[2022-11-17 23:08:18,974] {taskinstance.py:1240} INFO - 
--------------------------------------------------------------------------------
[2022-11-17 23:08:18,994] {taskinstance.py:1259} INFO - Executing <Task(PythonOperator): format_to_parquet_task> on 2022-11-16 00:00:00+00:00
[2022-11-17 23:08:19,004] {standard_task_runner.py:52} INFO - Started process 1231 to run task
[2022-11-17 23:08:19,011] {standard_task_runner.py:76} INFO - Running: ['***', 'tasks', 'run', 'data_ingestion_gcs_dag', 'format_to_parquet_task', 'scheduled__2022-11-16T00:00:00+00:00', '--job-id', '4', '--raw', '--subdir', 'DAGS_FOLDER/data_ingestion_gcs_dag.py', '--cfg-path', '/tmp/tmpi01xzl8k', '--error-file', '/tmp/tmpsntc3hdv']
[2022-11-17 23:08:19,013] {standard_task_runner.py:77} INFO - Job 4: Subtask format_to_parquet_task
[2022-11-17 23:08:19,112] {logging_mixin.py:109} INFO - Running <TaskInstance: data_ingestion_gcs_dag.format_to_parquet_task scheduled__2022-11-16T00:00:00+00:00 [running]> on host 36d87aa900e9
[2022-11-17 23:08:19,322] {taskinstance.py:1426} INFO - Exporting the following env vars:
AIRFLOW_CTX_DAG_OWNER=***
AIRFLOW_CTX_DAG_ID=data_ingestion_gcs_dag
AIRFLOW_CTX_TASK_ID=format_to_parquet_task
AIRFLOW_CTX_EXECUTION_DATE=2022-11-16T00:00:00+00:00
AIRFLOW_CTX_DAG_RUN_ID=scheduled__2022-11-16T00:00:00+00:00
[2022-11-17 23:08:19,334] {data_ingestion_gcs_dag.py:26} ERROR - Can only accept source files in CSV format, for the moment
[2022-11-17 23:08:19,341] {python.py:175} INFO - Done. Returned value was: None
[2022-11-17 23:08:19,376] {taskinstance.py:1277} INFO - Marking task as SUCCESS. dag_id=data_ingestion_gcs_dag, task_id=format_to_parquet_task, execution_date=20221116T000000, start_date=20221117T230818, end_date=20221117T230819
[2022-11-17 23:08:19,549] {local_task_job.py:154} INFO - Task exited with return code 0
[2022-11-17 23:08:19,621] {local_task_job.py:264} INFO - 1 downstream tasks scheduled from follow-on schedule check
