[2022-11-17 23:21:08,764] {taskinstance.py:1032} INFO - Dependencies all met for <TaskInstance: data_ingestion_gcs_dag.download_dataset_task manual__2022-11-17T23:21:07.271550+00:00 [queued]>
[2022-11-17 23:21:08,773] {taskinstance.py:1032} INFO - Dependencies all met for <TaskInstance: data_ingestion_gcs_dag.download_dataset_task manual__2022-11-17T23:21:07.271550+00:00 [queued]>
[2022-11-17 23:21:08,774] {taskinstance.py:1238} INFO - 
--------------------------------------------------------------------------------
[2022-11-17 23:21:08,775] {taskinstance.py:1239} INFO - Starting attempt 1 of 2
[2022-11-17 23:21:08,775] {taskinstance.py:1240} INFO - 
--------------------------------------------------------------------------------
[2022-11-17 23:21:08,785] {taskinstance.py:1259} INFO - Executing <Task(BashOperator): download_dataset_task> on 2022-11-17 23:21:07.271550+00:00
[2022-11-17 23:21:08,790] {standard_task_runner.py:52} INFO - Started process 93 to run task
[2022-11-17 23:21:08,794] {standard_task_runner.py:76} INFO - Running: ['***', 'tasks', 'run', 'data_ingestion_gcs_dag', 'download_dataset_task', 'manual__2022-11-17T23:21:07.271550+00:00', '--job-id', '15', '--raw', '--subdir', 'DAGS_FOLDER/data_ingestion_gcs_dag.py', '--cfg-path', '/tmp/tmpvtbohgql', '--error-file', '/tmp/tmpql5fjul1']
[2022-11-17 23:21:08,795] {standard_task_runner.py:77} INFO - Job 15: Subtask download_dataset_task
[2022-11-17 23:21:08,847] {logging_mixin.py:109} INFO - Running <TaskInstance: data_ingestion_gcs_dag.download_dataset_task manual__2022-11-17T23:21:07.271550+00:00 [running]> on host ad66db31cc4b
[2022-11-17 23:21:08,893] {taskinstance.py:1426} INFO - Exporting the following env vars:
AIRFLOW_CTX_DAG_OWNER=***
AIRFLOW_CTX_DAG_ID=data_ingestion_gcs_dag
AIRFLOW_CTX_TASK_ID=download_dataset_task
AIRFLOW_CTX_EXECUTION_DATE=2022-11-17T23:21:07.271550+00:00
AIRFLOW_CTX_DAG_RUN_ID=manual__2022-11-17T23:21:07.271550+00:00
[2022-11-17 23:21:08,895] {subprocess.py:62} INFO - Tmp dir root location: 
 /tmp
[2022-11-17 23:21:08,896] {subprocess.py:74} INFO - Running command: ['bash', '-c', 'curl -sSL https://github.com/DataTalksClub/nyc-tlc-data/releases/tag/yellow/yellow_tripdata_2021-01.csv.gz > /opt/***/yellow_tripdata_2021-01.csv.gz']
[2022-11-17 23:21:08,910] {subprocess.py:85} INFO - Output:
[2022-11-17 23:21:10,771] {subprocess.py:93} INFO - Command exited with return code 0
[2022-11-17 23:21:10,828] {taskinstance.py:1277} INFO - Marking task as SUCCESS. dag_id=data_ingestion_gcs_dag, task_id=download_dataset_task, execution_date=20221117T232107, start_date=20221117T232108, end_date=20221117T232110
[2022-11-17 23:21:10,887] {local_task_job.py:154} INFO - Task exited with return code 0
[2022-11-17 23:21:10,966] {local_task_job.py:264} INFO - 1 downstream tasks scheduled from follow-on schedule check
