[2022-11-17 23:27:22,653] {taskinstance.py:1032} INFO - Dependencies all met for <TaskInstance: data_ingestion_gcs_dag.format_to_parquet_task manual__2022-11-17T23:27:17.195545+00:00 [queued]>
[2022-11-17 23:27:22,662] {taskinstance.py:1032} INFO - Dependencies all met for <TaskInstance: data_ingestion_gcs_dag.format_to_parquet_task manual__2022-11-17T23:27:17.195545+00:00 [queued]>
[2022-11-17 23:27:22,663] {taskinstance.py:1238} INFO - 
--------------------------------------------------------------------------------
[2022-11-17 23:27:22,664] {taskinstance.py:1239} INFO - Starting attempt 1 of 2
[2022-11-17 23:27:22,664] {taskinstance.py:1240} INFO - 
--------------------------------------------------------------------------------
[2022-11-17 23:27:22,674] {taskinstance.py:1259} INFO - Executing <Task(PythonOperator): format_to_parquet_task> on 2022-11-17 23:27:17.195545+00:00
[2022-11-17 23:27:22,679] {standard_task_runner.py:52} INFO - Started process 152 to run task
[2022-11-17 23:27:22,683] {standard_task_runner.py:76} INFO - Running: ['***', 'tasks', 'run', 'data_ingestion_gcs_dag', 'format_to_parquet_task', 'manual__2022-11-17T23:27:17.195545+00:00', '--job-id', '22', '--raw', '--subdir', 'DAGS_FOLDER/data_ingestion_gcs_dag.py', '--cfg-path', '/tmp/tmpsgjfbadi', '--error-file', '/tmp/tmpml1wk4hl']
[2022-11-17 23:27:22,684] {standard_task_runner.py:77} INFO - Job 22: Subtask format_to_parquet_task
[2022-11-17 23:27:22,740] {logging_mixin.py:109} INFO - Running <TaskInstance: data_ingestion_gcs_dag.format_to_parquet_task manual__2022-11-17T23:27:17.195545+00:00 [running]> on host 75d75df6c39c
[2022-11-17 23:27:22,788] {taskinstance.py:1426} INFO - Exporting the following env vars:
AIRFLOW_CTX_DAG_OWNER=***
AIRFLOW_CTX_DAG_ID=data_ingestion_gcs_dag
AIRFLOW_CTX_TASK_ID=format_to_parquet_task
AIRFLOW_CTX_EXECUTION_DATE=2022-11-17T23:27:17.195545+00:00
AIRFLOW_CTX_DAG_RUN_ID=manual__2022-11-17T23:27:17.195545+00:00
[2022-11-17 23:27:22,790] {data_ingestion_gcs_dag.py:26} ERROR - Can only accept source files in CSV format, for the moment
[2022-11-17 23:27:22,791] {python.py:175} INFO - Done. Returned value was: None
[2022-11-17 23:27:22,802] {taskinstance.py:1277} INFO - Marking task as SUCCESS. dag_id=data_ingestion_gcs_dag, task_id=format_to_parquet_task, execution_date=20221117T232717, start_date=20221117T232722, end_date=20221117T232722
[2022-11-17 23:27:22,857] {local_task_job.py:154} INFO - Task exited with return code 0
[2022-11-17 23:27:22,897] {local_task_job.py:264} INFO - 1 downstream tasks scheduled from follow-on schedule check
