[2022-11-17 23:42:16,956] {taskinstance.py:1032} INFO - Dependencies all met for <TaskInstance: data_ingestion_gcs_dag.download_dataset_task manual__2022-11-17T23:42:13.874869+00:00 [queued]>
[2022-11-17 23:42:16,966] {taskinstance.py:1032} INFO - Dependencies all met for <TaskInstance: data_ingestion_gcs_dag.download_dataset_task manual__2022-11-17T23:42:13.874869+00:00 [queued]>
[2022-11-17 23:42:16,966] {taskinstance.py:1238} INFO - 
--------------------------------------------------------------------------------
[2022-11-17 23:42:16,967] {taskinstance.py:1239} INFO - Starting attempt 1 of 2
[2022-11-17 23:42:16,968] {taskinstance.py:1240} INFO - 
--------------------------------------------------------------------------------
[2022-11-17 23:42:16,979] {taskinstance.py:1259} INFO - Executing <Task(BashOperator): download_dataset_task> on 2022-11-17 23:42:13.874869+00:00
[2022-11-17 23:42:16,985] {standard_task_runner.py:52} INFO - Started process 90 to run task
[2022-11-17 23:42:16,989] {standard_task_runner.py:76} INFO - Running: ['***', 'tasks', 'run', 'data_ingestion_gcs_dag', 'download_dataset_task', 'manual__2022-11-17T23:42:13.874869+00:00', '--job-id', '27', '--raw', '--subdir', 'DAGS_FOLDER/data_ingestion_gcs_dag.py', '--cfg-path', '/tmp/tmp32_0to8s', '--error-file', '/tmp/tmp7cwxstfe']
[2022-11-17 23:42:16,991] {standard_task_runner.py:77} INFO - Job 27: Subtask download_dataset_task
[2022-11-17 23:42:17,047] {logging_mixin.py:109} INFO - Running <TaskInstance: data_ingestion_gcs_dag.download_dataset_task manual__2022-11-17T23:42:13.874869+00:00 [running]> on host ce886af8a238
[2022-11-17 23:42:17,096] {taskinstance.py:1426} INFO - Exporting the following env vars:
AIRFLOW_CTX_DAG_OWNER=***
AIRFLOW_CTX_DAG_ID=data_ingestion_gcs_dag
AIRFLOW_CTX_TASK_ID=download_dataset_task
AIRFLOW_CTX_EXECUTION_DATE=2022-11-17T23:42:13.874869+00:00
AIRFLOW_CTX_DAG_RUN_ID=manual__2022-11-17T23:42:13.874869+00:00
[2022-11-17 23:42:17,099] {subprocess.py:62} INFO - Tmp dir root location: 
 /tmp
[2022-11-17 23:42:17,100] {subprocess.py:74} INFO - Running command: ['bash', '-c', 'curl -sSL https://github.com/DataTalksClub/nyc-tlc-data/releases/tag/yellow/yellow_tripdata_2021-01.csv.gz > /opt/***/yellow_tripdata_2021-01.csv.gz']
[2022-11-17 23:42:17,115] {subprocess.py:85} INFO - Output:
[2022-11-17 23:42:19,099] {subprocess.py:93} INFO - Command exited with return code 0
[2022-11-17 23:42:19,157] {taskinstance.py:1277} INFO - Marking task as SUCCESS. dag_id=data_ingestion_gcs_dag, task_id=download_dataset_task, execution_date=20221117T234213, start_date=20221117T234216, end_date=20221117T234219
[2022-11-17 23:42:19,218] {local_task_job.py:154} INFO - Task exited with return code 0
[2022-11-17 23:42:19,279] {local_task_job.py:264} INFO - 1 downstream tasks scheduled from follow-on schedule check
