[2022-11-17 23:08:14,766] {taskinstance.py:1032} INFO - Dependencies all met for <TaskInstance: data_ingestion_gcs_dag.download_dataset_task scheduled__2022-11-16T00:00:00+00:00 [queued]>
[2022-11-17 23:08:14,776] {taskinstance.py:1032} INFO - Dependencies all met for <TaskInstance: data_ingestion_gcs_dag.download_dataset_task scheduled__2022-11-16T00:00:00+00:00 [queued]>
[2022-11-17 23:08:14,776] {taskinstance.py:1238} INFO - 
--------------------------------------------------------------------------------
[2022-11-17 23:08:14,777] {taskinstance.py:1239} INFO - Starting attempt 1 of 2
[2022-11-17 23:08:14,778] {taskinstance.py:1240} INFO - 
--------------------------------------------------------------------------------
[2022-11-17 23:08:14,790] {taskinstance.py:1259} INFO - Executing <Task(BashOperator): download_dataset_task> on 2022-11-16 00:00:00+00:00
[2022-11-17 23:08:14,797] {standard_task_runner.py:52} INFO - Started process 1225 to run task
[2022-11-17 23:08:14,801] {standard_task_runner.py:76} INFO - Running: ['***', 'tasks', 'run', 'data_ingestion_gcs_dag', 'download_dataset_task', 'scheduled__2022-11-16T00:00:00+00:00', '--job-id', '3', '--raw', '--subdir', 'DAGS_FOLDER/data_ingestion_gcs_dag.py', '--cfg-path', '/tmp/tmpda4727sg', '--error-file', '/tmp/tmp49lrn1e2']
[2022-11-17 23:08:14,803] {standard_task_runner.py:77} INFO - Job 3: Subtask download_dataset_task
[2022-11-17 23:08:14,863] {logging_mixin.py:109} INFO - Running <TaskInstance: data_ingestion_gcs_dag.download_dataset_task scheduled__2022-11-16T00:00:00+00:00 [running]> on host 36d87aa900e9
[2022-11-17 23:08:14,944] {taskinstance.py:1426} INFO - Exporting the following env vars:
AIRFLOW_CTX_DAG_OWNER=***
AIRFLOW_CTX_DAG_ID=data_ingestion_gcs_dag
AIRFLOW_CTX_TASK_ID=download_dataset_task
AIRFLOW_CTX_EXECUTION_DATE=2022-11-16T00:00:00+00:00
AIRFLOW_CTX_DAG_RUN_ID=scheduled__2022-11-16T00:00:00+00:00
[2022-11-17 23:08:14,947] {subprocess.py:62} INFO - Tmp dir root location: 
 /tmp
[2022-11-17 23:08:14,948] {subprocess.py:74} INFO - Running command: ['bash', '-c', 'curl -sSL https://github.com/DataTalksClub/nyc-tlc-data/releases/tag/yellow/yellow_tripdata_2021-01.csv.gz > /opt/***/yellow_tripdata_2021-01.csv.gz']
[2022-11-17 23:08:14,979] {subprocess.py:85} INFO - Output:
[2022-11-17 23:08:17,020] {subprocess.py:93} INFO - Command exited with return code 0
[2022-11-17 23:08:17,102] {taskinstance.py:1277} INFO - Marking task as SUCCESS. dag_id=data_ingestion_gcs_dag, task_id=download_dataset_task, execution_date=20221116T000000, start_date=20221117T230814, end_date=20221117T230817
[2022-11-17 23:08:17,172] {local_task_job.py:154} INFO - Task exited with return code 0
[2022-11-17 23:08:17,258] {local_task_job.py:264} INFO - 1 downstream tasks scheduled from follow-on schedule check
