[2022-11-18 00:01:05,924] {taskinstance.py:1032} INFO - Dependencies all met for <TaskInstance: data_ingestion_gcs_dag.local_to_gcs_task scheduled__2022-11-17T00:00:00+00:00 [queued]>
[2022-11-18 00:01:05,935] {taskinstance.py:1032} INFO - Dependencies all met for <TaskInstance: data_ingestion_gcs_dag.local_to_gcs_task scheduled__2022-11-17T00:00:00+00:00 [queued]>
[2022-11-18 00:01:05,936] {taskinstance.py:1238} INFO - 
--------------------------------------------------------------------------------
[2022-11-18 00:01:05,936] {taskinstance.py:1239} INFO - Starting attempt 1 of 2
[2022-11-18 00:01:05,937] {taskinstance.py:1240} INFO - 
--------------------------------------------------------------------------------
[2022-11-18 00:01:05,947] {taskinstance.py:1259} INFO - Executing <Task(PythonOperator): local_to_gcs_task> on 2022-11-17 00:00:00+00:00
[2022-11-18 00:01:05,954] {standard_task_runner.py:52} INFO - Started process 143 to run task
[2022-11-18 00:01:05,958] {standard_task_runner.py:76} INFO - Running: ['***', 'tasks', 'run', 'data_ingestion_gcs_dag', 'local_to_gcs_task', 'scheduled__2022-11-17T00:00:00+00:00', '--job-id', '37', '--raw', '--subdir', 'DAGS_FOLDER/data_ingestion_gcs_dag.py', '--cfg-path', '/tmp/tmpojw5kaz2', '--error-file', '/tmp/tmp7x_kescj']
[2022-11-18 00:01:05,960] {standard_task_runner.py:77} INFO - Job 37: Subtask local_to_gcs_task
[2022-11-18 00:01:06,032] {logging_mixin.py:109} INFO - Running <TaskInstance: data_ingestion_gcs_dag.local_to_gcs_task scheduled__2022-11-17T00:00:00+00:00 [running]> on host b689f3eabda1
[2022-11-18 00:01:06,084] {taskinstance.py:1426} INFO - Exporting the following env vars:
AIRFLOW_CTX_DAG_OWNER=***
AIRFLOW_CTX_DAG_ID=data_ingestion_gcs_dag
AIRFLOW_CTX_TASK_ID=local_to_gcs_task
AIRFLOW_CTX_EXECUTION_DATE=2022-11-17T00:00:00+00:00
AIRFLOW_CTX_DAG_RUN_ID=scheduled__2022-11-17T00:00:00+00:00
[2022-11-18 00:01:38,359] {python.py:175} INFO - Done. Returned value was: None
[2022-11-18 00:01:38,372] {taskinstance.py:1277} INFO - Marking task as SUCCESS. dag_id=data_ingestion_gcs_dag, task_id=local_to_gcs_task, execution_date=20221117T000000, start_date=20221118T000105, end_date=20221118T000138
[2022-11-18 00:01:38,421] {local_task_job.py:154} INFO - Task exited with return code 0
[2022-11-18 00:01:38,453] {local_task_job.py:264} INFO - 1 downstream tasks scheduled from follow-on schedule check
