[2022-11-18 00:00:40,025] {taskinstance.py:1032} INFO - Dependencies all met for <TaskInstance: data_ingestion_gcs_dag.bigquery_external_table_task manual__2022-11-17T23:59:51.907114+00:00 [queued]>
[2022-11-18 00:00:40,039] {taskinstance.py:1032} INFO - Dependencies all met for <TaskInstance: data_ingestion_gcs_dag.bigquery_external_table_task manual__2022-11-17T23:59:51.907114+00:00 [queued]>
[2022-11-18 00:00:40,200] {taskinstance.py:1238} INFO - 
--------------------------------------------------------------------------------
[2022-11-18 00:00:40,239] {taskinstance.py:1239} INFO - Starting attempt 1 of 2
[2022-11-18 00:00:40,258] {taskinstance.py:1240} INFO - 
--------------------------------------------------------------------------------
[2022-11-18 00:00:40,316] {taskinstance.py:1259} INFO - Executing <Task(BigQueryCreateExternalTableOperator): bigquery_external_table_task> on 2022-11-17 23:59:51.907114+00:00
[2022-11-18 00:00:40,345] {standard_task_runner.py:52} INFO - Started process 117 to run task
[2022-11-18 00:00:40,351] {standard_task_runner.py:76} INFO - Running: ['***', 'tasks', 'run', 'data_ingestion_gcs_dag', 'bigquery_external_table_task', 'manual__2022-11-17T23:59:51.907114+00:00', '--job-id', '35', '--raw', '--subdir', 'DAGS_FOLDER/data_ingestion_gcs_dag.py', '--cfg-path', '/tmp/tmppaoivst1', '--error-file', '/tmp/tmpb6t0oh89']
[2022-11-18 00:00:40,353] {standard_task_runner.py:77} INFO - Job 35: Subtask bigquery_external_table_task
[2022-11-18 00:00:40,425] {logging_mixin.py:109} INFO - Running <TaskInstance: data_ingestion_gcs_dag.bigquery_external_table_task manual__2022-11-17T23:59:51.907114+00:00 [running]> on host b689f3eabda1
[2022-11-18 00:00:40,493] {taskinstance.py:1426} INFO - Exporting the following env vars:
AIRFLOW_CTX_DAG_OWNER=***
AIRFLOW_CTX_DAG_ID=data_ingestion_gcs_dag
AIRFLOW_CTX_TASK_ID=bigquery_external_table_task
AIRFLOW_CTX_EXECUTION_DATE=2022-11-17T23:59:51.907114+00:00
AIRFLOW_CTX_DAG_RUN_ID=manual__2022-11-17T23:59:51.907114+00:00
[2022-11-18 00:00:40,496] {crypto.py:82} WARNING - empty cryptography key - values will not be stored encrypted.
[2022-11-18 00:00:44,373] {taskinstance.py:1277} INFO - Marking task as SUCCESS. dag_id=data_ingestion_gcs_dag, task_id=bigquery_external_table_task, execution_date=20221117T235951, start_date=20221118T000040, end_date=20221118T000044
[2022-11-18 00:00:44,425] {local_task_job.py:154} INFO - Task exited with return code 0
[2022-11-18 00:00:44,449] {local_task_job.py:264} INFO - 0 downstream tasks scheduled from follow-on schedule check
