[2022-11-17 23:21:11,878] {taskinstance.py:1032} INFO - Dependencies all met for <TaskInstance: data_ingestion_gcs_dag.format_to_parquet_task manual__2022-11-17T23:21:07.271550+00:00 [queued]>
[2022-11-17 23:21:11,889] {taskinstance.py:1032} INFO - Dependencies all met for <TaskInstance: data_ingestion_gcs_dag.format_to_parquet_task manual__2022-11-17T23:21:07.271550+00:00 [queued]>
[2022-11-17 23:21:11,890] {taskinstance.py:1238} INFO - 
--------------------------------------------------------------------------------
[2022-11-17 23:21:11,891] {taskinstance.py:1239} INFO - Starting attempt 1 of 2
[2022-11-17 23:21:11,891] {taskinstance.py:1240} INFO - 
--------------------------------------------------------------------------------
[2022-11-17 23:21:11,904] {taskinstance.py:1259} INFO - Executing <Task(PythonOperator): format_to_parquet_task> on 2022-11-17 23:21:07.271550+00:00
[2022-11-17 23:21:11,910] {standard_task_runner.py:52} INFO - Started process 99 to run task
[2022-11-17 23:21:11,915] {standard_task_runner.py:76} INFO - Running: ['***', 'tasks', 'run', 'data_ingestion_gcs_dag', 'format_to_parquet_task', 'manual__2022-11-17T23:21:07.271550+00:00', '--job-id', '16', '--raw', '--subdir', 'DAGS_FOLDER/data_ingestion_gcs_dag.py', '--cfg-path', '/tmp/tmpsj04uipz', '--error-file', '/tmp/tmpn9px2tm0']
[2022-11-17 23:21:11,917] {standard_task_runner.py:77} INFO - Job 16: Subtask format_to_parquet_task
[2022-11-17 23:21:11,980] {logging_mixin.py:109} INFO - Running <TaskInstance: data_ingestion_gcs_dag.format_to_parquet_task manual__2022-11-17T23:21:07.271550+00:00 [running]> on host ad66db31cc4b
[2022-11-17 23:21:12,034] {taskinstance.py:1426} INFO - Exporting the following env vars:
AIRFLOW_CTX_DAG_OWNER=***
AIRFLOW_CTX_DAG_ID=data_ingestion_gcs_dag
AIRFLOW_CTX_TASK_ID=format_to_parquet_task
AIRFLOW_CTX_EXECUTION_DATE=2022-11-17T23:21:07.271550+00:00
AIRFLOW_CTX_DAG_RUN_ID=manual__2022-11-17T23:21:07.271550+00:00
[2022-11-17 23:21:12,036] {data_ingestion_gcs_dag.py:26} ERROR - Can only accept source files in CSV format, for the moment
[2022-11-17 23:21:12,037] {python.py:175} INFO - Done. Returned value was: None
[2022-11-17 23:21:12,052] {taskinstance.py:1277} INFO - Marking task as SUCCESS. dag_id=data_ingestion_gcs_dag, task_id=format_to_parquet_task, execution_date=20221117T232107, start_date=20221117T232111, end_date=20221117T232112
[2022-11-17 23:21:12,088] {local_task_job.py:154} INFO - Task exited with return code 0
[2022-11-17 23:21:12,139] {local_task_job.py:264} INFO - 1 downstream tasks scheduled from follow-on schedule check
