[2022-11-18 00:01:39,694] {taskinstance.py:1032} INFO - Dependencies all met for <TaskInstance: data_ingestion_gcs_dag.bigquery_external_table_task scheduled__2022-11-17T00:00:00+00:00 [queued]>
[2022-11-18 00:01:39,704] {taskinstance.py:1032} INFO - Dependencies all met for <TaskInstance: data_ingestion_gcs_dag.bigquery_external_table_task scheduled__2022-11-17T00:00:00+00:00 [queued]>
[2022-11-18 00:01:39,705] {taskinstance.py:1238} INFO - 
--------------------------------------------------------------------------------
[2022-11-18 00:01:39,706] {taskinstance.py:1239} INFO - Starting attempt 1 of 2
[2022-11-18 00:01:39,706] {taskinstance.py:1240} INFO - 
--------------------------------------------------------------------------------
[2022-11-18 00:01:39,716] {taskinstance.py:1259} INFO - Executing <Task(BigQueryCreateExternalTableOperator): bigquery_external_table_task> on 2022-11-17 00:00:00+00:00
[2022-11-18 00:01:39,721] {standard_task_runner.py:52} INFO - Started process 173 to run task
[2022-11-18 00:01:39,725] {standard_task_runner.py:76} INFO - Running: ['***', 'tasks', 'run', 'data_ingestion_gcs_dag', 'bigquery_external_table_task', 'scheduled__2022-11-17T00:00:00+00:00', '--job-id', '38', '--raw', '--subdir', 'DAGS_FOLDER/data_ingestion_gcs_dag.py', '--cfg-path', '/tmp/tmpiwl7pdl2', '--error-file', '/tmp/tmpv29nyiva']
[2022-11-18 00:01:39,727] {standard_task_runner.py:77} INFO - Job 38: Subtask bigquery_external_table_task
[2022-11-18 00:01:39,779] {logging_mixin.py:109} INFO - Running <TaskInstance: data_ingestion_gcs_dag.bigquery_external_table_task scheduled__2022-11-17T00:00:00+00:00 [running]> on host b689f3eabda1
[2022-11-18 00:01:39,827] {taskinstance.py:1426} INFO - Exporting the following env vars:
AIRFLOW_CTX_DAG_OWNER=***
AIRFLOW_CTX_DAG_ID=data_ingestion_gcs_dag
AIRFLOW_CTX_TASK_ID=bigquery_external_table_task
AIRFLOW_CTX_EXECUTION_DATE=2022-11-17T00:00:00+00:00
AIRFLOW_CTX_DAG_RUN_ID=scheduled__2022-11-17T00:00:00+00:00
[2022-11-18 00:01:39,829] {crypto.py:82} WARNING - empty cryptography key - values will not be stored encrypted.
[2022-11-18 00:01:43,372] {taskinstance.py:1277} INFO - Marking task as SUCCESS. dag_id=data_ingestion_gcs_dag, task_id=bigquery_external_table_task, execution_date=20221117T000000, start_date=20221118T000139, end_date=20221118T000143
[2022-11-18 00:01:43,423] {local_task_job.py:154} INFO - Task exited with return code 0
[2022-11-18 00:01:43,453] {local_task_job.py:264} INFO - 0 downstream tasks scheduled from follow-on schedule check
