[2022-11-17 23:15:18,293] {taskinstance.py:1032} INFO - Dependencies all met for <TaskInstance: data_ingestion_gcs_dag.format_to_parquet_task manual__2022-11-17T23:08:08.405813+00:00 [queued]>
[2022-11-17 23:15:18,303] {taskinstance.py:1032} INFO - Dependencies all met for <TaskInstance: data_ingestion_gcs_dag.format_to_parquet_task manual__2022-11-17T23:08:08.405813+00:00 [queued]>
[2022-11-17 23:15:18,304] {taskinstance.py:1238} INFO - 
--------------------------------------------------------------------------------
[2022-11-17 23:15:18,305] {taskinstance.py:1239} INFO - Starting attempt 1 of 2
[2022-11-17 23:15:18,306] {taskinstance.py:1240} INFO - 
--------------------------------------------------------------------------------
[2022-11-17 23:15:18,316] {taskinstance.py:1259} INFO - Executing <Task(PythonOperator): format_to_parquet_task> on 2022-11-17 23:08:08.405813+00:00
[2022-11-17 23:15:18,321] {standard_task_runner.py:52} INFO - Started process 72 to run task
[2022-11-17 23:15:18,326] {standard_task_runner.py:76} INFO - Running: ['***', 'tasks', 'run', 'data_ingestion_gcs_dag', 'format_to_parquet_task', 'manual__2022-11-17T23:08:08.405813+00:00', '--job-id', '10', '--raw', '--subdir', 'DAGS_FOLDER/data_ingestion_gcs_dag.py', '--cfg-path', '/tmp/tmp66kg1gs4', '--error-file', '/tmp/tmpd8owf3c9']
[2022-11-17 23:15:18,327] {standard_task_runner.py:77} INFO - Job 10: Subtask format_to_parquet_task
[2022-11-17 23:15:18,386] {logging_mixin.py:109} INFO - Running <TaskInstance: data_ingestion_gcs_dag.format_to_parquet_task manual__2022-11-17T23:08:08.405813+00:00 [running]> on host b97a7d6dcc25
[2022-11-17 23:15:18,431] {taskinstance.py:1426} INFO - Exporting the following env vars:
AIRFLOW_CTX_DAG_OWNER=***
AIRFLOW_CTX_DAG_ID=data_ingestion_gcs_dag
AIRFLOW_CTX_TASK_ID=format_to_parquet_task
AIRFLOW_CTX_EXECUTION_DATE=2022-11-17T23:08:08.405813+00:00
AIRFLOW_CTX_DAG_RUN_ID=manual__2022-11-17T23:08:08.405813+00:00
[2022-11-17 23:15:18,432] {data_ingestion_gcs_dag.py:26} ERROR - Can only accept source files in CSV format, for the moment
[2022-11-17 23:15:18,433] {python.py:175} INFO - Done. Returned value was: None
[2022-11-17 23:15:18,444] {taskinstance.py:1277} INFO - Marking task as SUCCESS. dag_id=data_ingestion_gcs_dag, task_id=format_to_parquet_task, execution_date=20221117T230808, start_date=20221117T231518, end_date=20221117T231518
[2022-11-17 23:15:18,499] {local_task_job.py:154} INFO - Task exited with return code 0
[2022-11-17 23:15:18,534] {local_task_job.py:264} INFO - 1 downstream tasks scheduled from follow-on schedule check
